ISim log file
Running: F:\Google_Data\MIPS-CPU-master\MIPS-CPU-master\MC-CPU\CPUTest_isim_beh.exe -intstyle ise -gui -tclbatch isim.cmd -wdb F:/Google_Data/MIPS-CPU-master/MIPS-CPU-master/MC-CPU/CPUTest_isim_beh.wdb 
ISim P.20131013 (signature 0x7708f090)
This is a Full version of ISim.
Time resolution is 1 ps
# onerror resume
# wave add /
# run 2000 ns
Simulator is doing circuit initialization process.
Finished circuit initialization process.
# restart
# run 50ns
Simulator is doing circuit initialization process.
Finished circuit initialization process.
# run 50ns
# run 50ns
# run 50ns
# restart
# run 10ns
Simulator is doing circuit initialization process.
Finished circuit initialization process.
# run 10ns
# run 10ns
# run 10ns
# run 10ns
# run 10ns
# run 10ns
# run 10ns
# run 10ns
# run 10ns
# run 10ns
# run 10ns
# run 10ns
# run 10ns
# run 10ns
# run 10ns
# run 10ns
# run 10ns
# run 10ns
# run 10ns
# run 10ns
# run 10ns
# run 10ns
# run 10ns
# run 10ns
# run 10ns
# run 10ns
# run 10ns
# run 10ns
# run 10ns
# run 10ns
# run 10ns
# run 10ns
# run 10ns
# run 10ns
# run 10ns
# run 10ns
# run 10ns
# run 10ns
# run 10ns
# run 10ns
# run 10ns
# run 10ns
# run 10ns
# run 10ns
# run 10ns
# run 10ns
# run 10ns
# run 10ns
# run 10ns
# run 10ns
# run 10ns
# run 10ns
# run 10ns
# run 10ns
# run 10ns
# run 10ns
# run 10ns
# run 10ns
# run 10ns
# run 10ns
# run 10ns
# run 10ns
# run 10ns
# run 10ns
# run 10ns
# run 10ns
# run 10ns
# run 10ns
# run 10ns
# run 10ns
# run 10ns
