ISim log file
Running: C:\Users\Vincent\Desktop\SimpleCPU_v1\CPU_tf_isim_beh.exe -intstyle ise -gui -tclbatch isim.cmd -wdb C:/Users/Vincent/Desktop/SimpleCPU_v1/CPU_tf_isim_beh.wdb 
ISim P.20131013 (signature 0x7708f090)
This is a Full version of ISim.
Time resolution is 1 ps
# onerror resume
# wave add /
# run 240 ns
Simulator is doing circuit initialization process.
Finished circuit initialization process.
Immediate_16    10
Immediate_32         10
ExtSel x
flag: x
flag: x
in1:          0
in2:          X
ALUresult:          x
zero: x
Immediate_16    10
Immediate_32         10
ExtSel 0
flag: 3
flag: 3
in1:          0
in2:         10
ALUresult:         10
zero: x
Immediate_16    12
Immediate_32         12
ExtSel 0
flag: 3
flag: 3
in1:          0
in2:         12
ALUresult:         12
zero: 0
Immediate_16  6144
Immediate_32       6144
ExtSel 0
flag: 3
flag: 3
in1:         10
in2:         12
ALUresult:         14
zero: 0
flag: 0
flag: 0
in1:         10
in2:         12
ALUresult:         22
zero: 0
Immediate_16 10240
Immediate_32      10240
ExtSel 0
flag: 0
flag: 0
in1:         12
in2:         10
ALUresult:         22
zero: 0
flag: 1
flag: 1
in1:         12
in2:         10
ALUresult:          2
zero: 0
Immediate_16  8192
Immediate_32       8192
ExtSel 0
flag: 1
flag: 1
in1:         10
in2:         12
ALUresult: 4294967294
zero: 0
flag: 4
flag: 4
in1:         10
in2:         12
ALUresult:          8
zero: 0
Immediate_16 16384
Immediate_32      16384
ExtSel 0
flag: 3
flag: 3
in1:         10
in2:         12
ALUresult:         14
zero: 0
Immediate_16     4
Immediate_32          4
ExtSel 0
Immediate_16     4
Immediate_32          4
ExtSel 1
flag: 1
flag: 1
in1:         10
in2:         12
ALUresult: 4294967294
zero: 0
Immediate_16 22528
Immediate_32      22528
ExtSel 1
flag: 1
flag: 1
in1:          8
in2:          0
ALUresult:          8
zero: 0
Immediate_16 22528
Immediate_32      22528
ExtSel 0
flag: 0
flag: 0
in1:          8
in2:          0
ALUresult:          8
zero: 0
Immediate_16   300
Immediate_32        300
ExtSel 0
flag: 0
flag: 0
in1:         10
in2:         12
ALUresult:         22
zero: 0
Immediate_16   300
Immediate_32        300
ExtSel 1
flag: 0
flag: 0
in1:         10
in2:        300
ALUresult:        310
zero: 0
Immediate_16   298
Immediate_32        298
ExtSel 1
flag: 0
flag: 0
in1:         12
in2:        298
ALUresult:        310
zero: 0
Immediate_16 65531
Immediate_32 4294967291
ExtSel 1
flag: 1
flag: 1
in1:         12
in2:         12
ALUresult:          0
zero: 0
Immediate_16     4
Immediate_32          4
ExtSel 1
